<?xml version="1.0" encoding="UTF-8"?>
<!-- Generated by org.testng.reporters.JUnitReportReporter -->
<testsuite hostname="HbpSoft" failures="0" tests="10" name="Sanity.Atlas.Atlas_Edit_Line" time="86.222" errors="0" timestamp="2024-03-28T13:13:11 IST" skipped="0">
  <testcase classname="Sanity.Atlas.Atlas_Edit_Line" name="login" time="9.312"/>
  <system-out/>
  <testcase classname="Sanity.Atlas.Atlas_Edit_Line" name="series_set" time="19.668"/>
  <system-out/>
  <testcase classname="Sanity.Atlas.Atlas_Edit_Line" name="atlaseditor" time="14.275"/>
  <system-out/>
  <testcase classname="Sanity.Atlas.Atlas_Edit_Line" name="Editmenu" time="2.321"/>
  <system-out/>
  <testcase classname="Sanity.Atlas.Atlas_Edit_Line" name="contributor" time="4.565"/>
  <system-out/>
  <testcase classname="Sanity.Atlas.Atlas_Edit_Line" name="draw" time="2.269"/>
  <system-out/>
  <testcase classname="Sanity.Atlas.Atlas_Edit_Line" name="annotation" time="8.965"/>
  <system-out/>
  <testcase classname="Sanity.Atlas.Atlas_Edit_Line" name="geometry_line" time="10.220"/>
  <system-out/>
  <testcase classname="Sanity.Atlas.Atlas_Edit_Line" name="Line_Edit" time="7.877"/>
  <system-out/>
  <testcase classname="Sanity.Atlas.Atlas_Edit_Line" name="Line_delete" time="6.750"/>
  <system-out/>
</testsuite> <!-- Sanity.Atlas.Atlas_Edit_Line -->
