<?xml version="1.0" encoding="UTF-8"?>
<!-- Generated by org.testng.reporters.JUnitReportReporter -->
<testsuite hostname="HbpSoft" failures="0" tests="10" name="Sanity.Atlas.Atlas_Geometry" time="89.870" errors="0" timestamp="2024-03-25T14:57:34 IST" skipped="0">
  <testcase classname="Sanity.Atlas.Atlas_Geometry" name="login" time="9.813"/>
  <system-out/>
  <testcase classname="Sanity.Atlas.Atlas_Geometry" name="series_set" time="20.814"/>
  <system-out/>
  <testcase classname="Sanity.Atlas.Atlas_Geometry" name="atlaseditor" time="14.327"/>
  <system-out/>
  <testcase classname="Sanity.Atlas.Atlas_Geometry" name="Editmenu" time="3.402"/>
  <system-out/>
  <testcase classname="Sanity.Atlas.Atlas_Geometry" name="contributor" time="4.641"/>
  <system-out/>
  <testcase classname="Sanity.Atlas.Atlas_Geometry" name="draw" time="2.623"/>
  <system-out/>
  <testcase classname="Sanity.Atlas.Atlas_Geometry" name="annotation" time="10.766"/>
  <system-out/>
  <testcase classname="Sanity.Atlas.Atlas_Geometry" name="geometry_Dot" time="13.025"/>
  <system-out/>
  <testcase classname="Sanity.Atlas.Atlas_Geometry" name="Dot_select" time="3.234"/>
  <system-out/>
  <testcase classname="Sanity.Atlas.Atlas_Geometry" name="Dot_delete" time="7.225"/>
  <system-out/>
</testsuite> <!-- Sanity.Atlas.Atlas_Geometry -->
