<?xml version="1.0" encoding="UTF-8"?>
<!-- Generated by org.testng.reporters.JUnitReportReporter -->
<testsuite hostname="HbpSoft" failures="0" tests="10" name="Sanity.Atlas.Atlas_Geometry_Line" time="84.931" errors="0" timestamp="2024-03-25T16:12:37 IST" skipped="0">
  <testcase classname="Sanity.Atlas.Atlas_Geometry_Line" name="login" time="11.393"/>
  <system-out/>
  <testcase classname="Sanity.Atlas.Atlas_Geometry_Line" name="series_set" time="17.801"/>
  <system-out/>
  <testcase classname="Sanity.Atlas.Atlas_Geometry_Line" name="atlaseditor" time="14.379"/>
  <system-out/>
  <testcase classname="Sanity.Atlas.Atlas_Geometry_Line" name="Editmenu" time="2.437"/>
  <system-out/>
  <testcase classname="Sanity.Atlas.Atlas_Geometry_Line" name="contributor" time="4.638"/>
  <system-out/>
  <testcase classname="Sanity.Atlas.Atlas_Geometry_Line" name="draw" time="2.281"/>
  <system-out/>
  <testcase classname="Sanity.Atlas.Atlas_Geometry_Line" name="annotation" time="9.044"/>
  <system-out/>
  <testcase classname="Sanity.Atlas.Atlas_Geometry_Line" name="geometry_Box" time="10.445"/>
  <system-out/>
  <testcase classname="Sanity.Atlas.Atlas_Geometry_Line" name="Box_select" time="5.657"/>
  <system-out/>
  <testcase classname="Sanity.Atlas.Atlas_Geometry_Line" name="Box_delete" time="6.856"/>
  <system-out/>
</testsuite> <!-- Sanity.Atlas.Atlas_Geometry_Line -->
