<?xml version="1.0" encoding="UTF-8"?>
<!-- Generated by org.testng.reporters.JUnitReportReporter -->
<testsuite hostname="HbpSoft" failures="0" tests="10" name="Sanity.Atlas.Atlas_Geometry_Box" time="97.039" errors="0" timestamp="2024-03-25T16:02:51 IST" skipped="0">
  <testcase classname="Sanity.Atlas.Atlas_Geometry_Box" name="login" time="17.681"/>
  <system-out/>
  <testcase classname="Sanity.Atlas.Atlas_Geometry_Box" name="series_set" time="18.818"/>
  <system-out/>
  <testcase classname="Sanity.Atlas.Atlas_Geometry_Box" name="atlaseditor" time="14.444"/>
  <system-out/>
  <testcase classname="Sanity.Atlas.Atlas_Geometry_Box" name="Editmenu" time="2.616"/>
  <system-out/>
  <testcase classname="Sanity.Atlas.Atlas_Geometry_Box" name="contributor" time="4.774"/>
  <system-out/>
  <testcase classname="Sanity.Atlas.Atlas_Geometry_Box" name="draw" time="2.458"/>
  <system-out/>
  <testcase classname="Sanity.Atlas.Atlas_Geometry_Box" name="annotation" time="9.896"/>
  <system-out/>
  <testcase classname="Sanity.Atlas.Atlas_Geometry_Box" name="geometry_Box" time="12.788"/>
  <system-out/>
  <testcase classname="Sanity.Atlas.Atlas_Geometry_Box" name="Box_select" time="5.891"/>
  <system-out/>
  <testcase classname="Sanity.Atlas.Atlas_Geometry_Box" name="Box_delete" time="7.673"/>
  <system-out/>
</testsuite> <!-- Sanity.Atlas.Atlas_Geometry_Box -->
