<?xml version="1.0" encoding="UTF-8"?>
<!-- Generated by org.testng.reporters.JUnitReportReporter -->
<testsuite hostname="HbpSoft" failures="0" tests="10" name="Sanity.Atlas.Atlas_Geometry_Polygon" time="78.465" errors="0" timestamp="2024-03-25T16:27:17 IST" skipped="0">
  <testcase classname="Sanity.Atlas.Atlas_Geometry_Polygon" name="login" time="8.282"/>
  <system-out/>
  <testcase classname="Sanity.Atlas.Atlas_Geometry_Polygon" name="series_set" time="17.237"/>
  <system-out/>
  <testcase classname="Sanity.Atlas.Atlas_Geometry_Polygon" name="atlaseditor" time="14.234"/>
  <system-out/>
  <testcase classname="Sanity.Atlas.Atlas_Geometry_Polygon" name="Editmenu" time="2.286"/>
  <system-out/>
  <testcase classname="Sanity.Atlas.Atlas_Geometry_Polygon" name="contributor" time="4.460"/>
  <system-out/>
  <testcase classname="Sanity.Atlas.Atlas_Geometry_Polygon" name="draw" time="2.227"/>
  <system-out/>
  <testcase classname="Sanity.Atlas.Atlas_Geometry_Polygon" name="annotation" time="8.804"/>
  <system-out/>
  <testcase classname="Sanity.Atlas.Atlas_Geometry_Polygon" name="geometry_Box" time="8.625"/>
  <system-out/>
  <testcase classname="Sanity.Atlas.Atlas_Geometry_Polygon" name="Box_select" time="5.517"/>
  <system-out/>
  <testcase classname="Sanity.Atlas.Atlas_Geometry_Polygon" name="Box_delete" time="6.793"/>
  <system-out/>
</testsuite> <!-- Sanity.Atlas.Atlas_Geometry_Polygon -->
