<?xml version="1.0" encoding="UTF-8"?>
<!-- Generated by org.testng.reporters.JUnitReportReporter -->
<testsuite hostname="HbpSoft" failures="0" tests="10" name="Sanity.Atlas.Atlas_Edit_Box" time="85.385" errors="0" timestamp="2024-03-28T14:51:38 IST" skipped="0">
  <testcase classname="Sanity.Atlas.Atlas_Edit_Box" name="login" time="8.544"/>
  <system-out/>
  <testcase classname="Sanity.Atlas.Atlas_Edit_Box" name="series_set" time="17.676"/>
  <system-out/>
  <testcase classname="Sanity.Atlas.Atlas_Edit_Box" name="atlaseditor" time="14.288"/>
  <system-out/>
  <testcase classname="Sanity.Atlas.Atlas_Edit_Box" name="Editmenu" time="2.314"/>
  <system-out/>
  <testcase classname="Sanity.Atlas.Atlas_Edit_Box" name="contributor" time="4.553"/>
  <system-out/>
  <testcase classname="Sanity.Atlas.Atlas_Edit_Box" name="draw" time="2.267"/>
  <system-out/>
  <testcase classname="Sanity.Atlas.Atlas_Edit_Box" name="annotation" time="8.920"/>
  <system-out/>
  <testcase classname="Sanity.Atlas.Atlas_Edit_Box" name="geometry_Box" time="12.205"/>
  <system-out/>
  <testcase classname="Sanity.Atlas.Atlas_Edit_Box" name="Box_Edit" time="7.873"/>
  <system-out/>
  <testcase classname="Sanity.Atlas.Atlas_Edit_Box" name="Box_delete" time="6.745"/>
  <system-out/>
</testsuite> <!-- Sanity.Atlas.Atlas_Edit_Box -->
