<?xml version="1.0" encoding="UTF-8"?>
<!-- Generated by org.testng.reporters.JUnitReportReporter -->
<testsuite hostname="HbpSoft" failures="0" tests="10" name="Sanity.Atlas.Atlas_Geometry_Dot" time="89.249" errors="0" timestamp="2024-03-25T15:13:34 IST" skipped="0">
  <testcase classname="Sanity.Atlas.Atlas_Geometry_Dot" name="login" time="17.685"/>
  <system-out/>
  <testcase classname="Sanity.Atlas.Atlas_Geometry_Dot" name="series_set" time="17.290"/>
  <system-out/>
  <testcase classname="Sanity.Atlas.Atlas_Geometry_Dot" name="atlaseditor" time="14.345"/>
  <system-out/>
  <testcase classname="Sanity.Atlas.Atlas_Geometry_Dot" name="Editmenu" time="2.361"/>
  <system-out/>
  <testcase classname="Sanity.Atlas.Atlas_Geometry_Dot" name="contributor" time="4.671"/>
  <system-out/>
  <testcase classname="Sanity.Atlas.Atlas_Geometry_Dot" name="draw" time="2.307"/>
  <system-out/>
  <testcase classname="Sanity.Atlas.Atlas_Geometry_Dot" name="annotation" time="9.099"/>
  <system-out/>
  <testcase classname="Sanity.Atlas.Atlas_Geometry_Dot" name="geometry_Dot" time="12.070"/>
  <system-out/>
  <testcase classname="Sanity.Atlas.Atlas_Geometry_Dot" name="Dot_select" time="2.603"/>
  <system-out/>
  <testcase classname="Sanity.Atlas.Atlas_Geometry_Dot" name="Dot_delete" time="6.818"/>
  <system-out/>
</testsuite> <!-- Sanity.Atlas.Atlas_Geometry_Dot -->
